<?xml version="1.0" encoding="UTF-8"?>
<!-- Generated by org.testng.reporters.JUnitReportReporter -->
<testsuite hostname="CIPL1292QA" failures="0" tests="1" name="TestRunner.TestNGRunner$TestRunner" time="22.738" errors="0" timestamp="2023-03-15T11:57:13 IST" skipped="0">
  <testcase classname="TestRunner.TestNGRunner$TestRunner" name="runScenario" time="22.738"/>
  <system-out/>
</testsuite> <!-- TestRunner.TestNGRunner$TestRunner -->
