<?xml version="1.0" encoding="UTF-8"?>
<!-- Generated by org.testng.reporters.JUnitReportReporter -->
<testsuite hostname="CIPL1292QA" failures="0" tests="1" name="TestRunner.TestNGRunner$TestRunner" time="23.423" errors="0" timestamp="2023-03-15T19:18:00 IST" skipped="0">
  <testcase classname="TestRunner.TestNGRunner$TestRunner" name="runScenario" time="23.423"/>
  <system-out/>
</testsuite> <!-- TestRunner.TestNGRunner$TestRunner -->
